This is pdfTeX, Version 3.14159265-2.6-1.40.19 (MiKTeX 2.9.6840 64-bit) (preloaded format=pdflatex 2018.11.22)  28 DEC 2018 17:15
entering extended mode
**./history.tex
(history.tex
LaTeX2e <2018-04-01> patch level 5
("D:\Program Files\MiKTeX 2.9\tex\latex\base\report.cls"
Document Class: report 2014/09/29 v1.4h Standard LaTeX document class
("D:\Program Files\MiKTeX 2.9\tex\latex\base\size11.clo"
File: size11.clo 2014/09/29 v1.4h Standard LaTeX file (size option)
)
\c@part=\count80
\c@chapter=\count81
\c@section=\count82
\c@subsection=\count83
\c@subsubsection=\count84
\c@paragraph=\count85
\c@subparagraph=\count86
\c@figure=\count87
\c@table=\count88
\abovecaptionskip=\skip41
\belowcaptionskip=\skip42
\bibindent=\dimen102
)
("D:\Program Files\MiKTeX 2.9\tex\latex\base\inputenc.sty"
Package: inputenc 2018/04/06 v1.3b Input encoding file
\inpenc@prehook=\toks14
\inpenc@posthook=\toks15
)
("D:\Program Files\MiKTeX 2.9\tex\generic\genmisc\nth.sty"
Package: nth 2002/02/27
)
("D:\Program Files\MiKTeX 2.9\tex\latex\graphics\graphicx.sty"
Package: graphicx 2017/06/01 v1.1a Enhanced LaTeX Graphics (DPC,SPQR)

("D:\Program Files\MiKTeX 2.9\tex\latex\graphics\keyval.sty"
Package: keyval 2014/10/28 v1.15 key=value parser (DPC)
\KV@toks@=\toks16
)
("D:\Program Files\MiKTeX 2.9\tex\latex\graphics\graphics.sty"
Package: graphics 2017/06/25 v1.2c Standard LaTeX Graphics (DPC,SPQR)

("D:\Program Files\MiKTeX 2.9\tex\latex\graphics\trig.sty"
Package: trig 2016/01/03 v1.10 sin cos tan (DPC)
)
("D:\Program Files\MiKTeX 2.9\tex\latex\graphics-cfg\graphics.cfg"
File: graphics.cfg 2016/06/04 v1.11 sample graphics configuration
)
Package graphics Info: Driver file: pdftex.def on input line 99.

("D:\Program Files\MiKTeX 2.9\tex\latex\graphics-def\pdftex.def"
File: pdftex.def 2018/01/08 v1.0l Graphics/color driver for pdftex
))
\Gin@req@height=\dimen103
\Gin@req@width=\dimen104
)
("D:\Program Files\MiKTeX 2.9\tex\latex\comment\comment.sty"
\CommentStream=\write3

Excluding comment 'comment')
("D:\Program Files\MiKTeX 2.9\tex\latex\titlesec\titlesec.sty"
Package: titlesec 2016/03/21 v2.10.2 Sectioning titles
\ttl@box=\box26
\beforetitleunit=\skip43
\aftertitleunit=\skip44
\ttl@plus=\dimen105
\ttl@minus=\dimen106
\ttl@toksa=\toks17
\titlewidth=\dimen107
\titlewidthlast=\dimen108
\titlewidthfirst=\dimen109
) (history.aux)
\openout1 = `history.aux'.

LaTeX Font Info:    Checking defaults for OML/cmm/m/it on input line 13.
LaTeX Font Info:    ... okay on input line 13.
LaTeX Font Info:    Checking defaults for T1/cmr/m/n on input line 13.
LaTeX Font Info:    ... okay on input line 13.
LaTeX Font Info:    Checking defaults for OT1/cmr/m/n on input line 13.
LaTeX Font Info:    ... okay on input line 13.
LaTeX Font Info:    Checking defaults for OMS/cmsy/m/n on input line 13.
LaTeX Font Info:    ... okay on input line 13.
LaTeX Font Info:    Checking defaults for OMX/cmex/m/n on input line 13.
LaTeX Font Info:    ... okay on input line 13.
LaTeX Font Info:    Checking defaults for U/cmr/m/n on input line 13.
LaTeX Font Info:    ... okay on input line 13.

("D:\Program Files\MiKTeX 2.9\tex\context\base\supp-pdf.mkii"
[Loading MPS to PDF converter (version 2006.09.02).]
\scratchcounter=\count89
\scratchdimen=\dimen110
\scratchbox=\box27
\nofMPsegments=\count90
\nofMParguments=\count91
\everyMPshowfont=\toks18
\MPscratchCnt=\count92
\MPscratchDim=\dimen111
\MPnumerator=\count93
\makeMPintoPDFobject=\count94
\everyMPtoPDFconversion=\toks19
) ("D:\Program Files\MiKTeX 2.9\tex\latex\oberdiek\epstopdf-base.sty"
Package: epstopdf-base 2016/05/15 v2.6 Base part for package epstopdf

("D:\Program Files\MiKTeX 2.9\tex\generic\oberdiek\infwarerr.sty"
Package: infwarerr 2016/05/16 v1.4 Providing info/warning/error messages (HO)
)
("D:\Program Files\MiKTeX 2.9\tex\latex\oberdiek\grfext.sty"
Package: grfext 2016/05/16 v1.2 Manage graphics extensions (HO)

("D:\Program Files\MiKTeX 2.9\tex\generic\oberdiek\kvdefinekeys.sty"
Package: kvdefinekeys 2016/05/16 v1.4 Define keys (HO)

("D:\Program Files\MiKTeX 2.9\tex\generic\oberdiek\ltxcmds.sty"
Package: ltxcmds 2016/05/16 v1.23 LaTeX kernel commands for general use (HO)
)))
("D:\Program Files\MiKTeX 2.9\tex\latex\oberdiek\kvoptions.sty"
Package: kvoptions 2016/05/16 v3.12 Key value format for package options (HO)

("D:\Program Files\MiKTeX 2.9\tex\generic\oberdiek\kvsetkeys.sty"
Package: kvsetkeys 2016/05/16 v1.17 Key value parser (HO)

("D:\Program Files\MiKTeX 2.9\tex\generic\oberdiek\etexcmds.sty"
Package: etexcmds 2016/05/16 v1.6 Avoid name clashes with e-TeX commands (HO)

("D:\Program Files\MiKTeX 2.9\tex\generic\oberdiek\ifluatex.sty"
Package: ifluatex 2016/05/16 v1.4 Provides the ifluatex switch (HO)
Package ifluatex Info: LuaTeX not detected.
)
Package etexcmds Info: Could not find \expanded.
(etexcmds)             That can mean that you are not using pdfTeX 1.50 or
(etexcmds)             that some package has redefined \expanded.
(etexcmds)             In the latter case, load this package earlier.
)))
("D:\Program Files\MiKTeX 2.9\tex\generic\oberdiek\pdftexcmds.sty"
Package: pdftexcmds 2018/09/10 v0.29 Utility functions of pdfTeX for LuaTeX (HO
)

("D:\Program Files\MiKTeX 2.9\tex\generic\oberdiek\ifpdf.sty"
Package: ifpdf 2018/09/07 v3.3 Provides the ifpdf switch
)
Package pdftexcmds Info: LuaTeX not detected.
Package pdftexcmds Info: \pdf@primitive is available.
Package pdftexcmds Info: \pdf@ifprimitive is available.
Package pdftexcmds Info: \pdfdraftmode found.
)
Package epstopdf-base Info: Redefining graphics rule for `.eps' on input line 4
38.
Package grfext Info: Graphics extension search list:
(grfext)             [.pdf,.png,.jpg,.mps,.jpeg,.jbig2,.jb2,.PDF,.PNG,.JPG,.JPE
G,.JBIG2,.JB2,.eps]
(grfext)             \AppendGraphicsExtensions on input line 456.
)
LaTeX Font Info:    Try loading font information for OMS+cmr on input line 23.

("D:\Program Files\MiKTeX 2.9\tex\latex\base\omscmr.fd"
File: omscmr.fd 2014/09/29 v2.5h Standard LaTeX font definitions
)
LaTeX Font Info:    Font shape `OMS/cmr/m/n' in size <10.95> not available
(Font)              Font shape `OMS/cmsy/m/n' tried instead on input line 23.
 [1

{C:/Users/Virtuosek/AppData/Local/MiKTeX/2.9/pdftex/config/pdftex.map}] (histor
y.toc
LaTeX Font Info:    External font `cmex10' loaded for size
(Font)              <10.95> on input line 3.
LaTeX Font Info:    External font `cmex10' loaded for size
(Font)              <8> on input line 3.
LaTeX Font Info:    External font `cmex10' loaded for size
(Font)              <6> on input line 3.
 [2

] [3]
LaTeX Font Info:    External font `cmex10' loaded for size
(Font)              <9> on input line 82.
LaTeX Font Info:    External font `cmex10' loaded for size
(Font)              <5> on input line 82.

[4] [5] [6] [7] [8])
\tf@toc=\write4
\openout4 = `history.toc'.

 [9] [10

]
Chapter 1.
<./img/milkyway.jpg, id=40, 770.88pt x 455.45157pt>
File: ./img/milkyway.jpg Graphic file (type jpg)
<use ./img/milkyway.jpg>
Package pdftex.def Info: ./img/milkyway.jpg  used on input line 40.
(pdftex.def)             Requested size: 256.0748pt x 151.29327pt.

LaTeX Warning: Command \textendash invalid in math mode on input line 41.

[11

 <./img/milkyway.jpg>]
Chapter 2.
<./img/earth.jpg, id=44, 2055.68pt x 2055.68pt>
File: ./img/earth.jpg Graphic file (type jpg)
<use ./img/earth.jpg>
Package pdftex.def Info: ./img/earth.jpg  used on input line 45.
(pdftex.def)             Requested size: 170.71652pt x 170.69981pt.
[12

 <./img/earth.jpg>]
Chapter 3.
<./img/moon.jpg, id=48, 289.08pt x 274.626pt>
File: ./img/moon.jpg Graphic file (type jpg)
<use ./img/moon.jpg>
Package pdftex.def Info: ./img/moon.jpg  used on input line 52.
(pdftex.def)             Requested size: 227.62204pt x 216.23978pt.
Excluding 'comment' comment. [13

 <./img/moon.jpg>]
Chapter 4.
<./img/iceage.jpg, id=53, 289.08pt x 162.6075pt>
File: ./img/iceage.jpg Graphic file (type jpg)
<use ./img/iceage.jpg>
Package pdftex.def Info: ./img/iceage.jpg  used on input line 64.
(pdftex.def)             Requested size: 284.52756pt x 160.05396pt.
[14

 <./img/iceage.jpg>]
Chapter 5.
<./img/eukaryoticCell.jpg, id=57, 548.0475pt x 362.10281pt>
File: ./img/eukaryoticCell.jpg Graphic file (type jpg)
<use ./img/eukaryoticCell.jpg>
Package pdftex.def Info: ./img/eukaryoticCell.jpg  used on input line 69.
(pdftex.def)             Requested size: 284.52756pt x 187.99617pt.
[15

 <./img/eukaryoticCell.jpg>] [16] [17

]
Chapter 6.
<./img/lanavidad.jpg, id=67, 819.06pt x 695.59875pt>
File: ./img/lanavidad.jpg Graphic file (type jpg)
<use ./img/lanavidad.jpg>
Package pdftex.def Info: ./img/lanavidad.jpg  used on input line 86.
(pdftex.def)             Requested size: 284.52756pt x 241.6376pt.
[18

 <./img/lanavidad.jpg>] [19

]
Chapter 7.
<./img/screvolution.jpg, id=75, 483.8075pt x 304.13625pt>
File: ./img/screvolution.jpg Graphic file (type jpg)
<use ./img/screvolution.jpg>
Package pdftex.def Info: ./img/screvolution.jpg  used on input line 96.
(pdftex.def)             Requested size: 284.52756pt x 178.86801pt.
[20

 <./img/screvolution.jpg>] [21

]
Chapter 8.
<./img/isaacNewton.jpg, id=82, 220.825pt x 303.1325pt>
File: ./img/isaacNewton.jpg Graphic file (type jpg)
<use ./img/isaacNewton.jpg>
Package pdftex.def Info: ./img/isaacNewton.jpg  used on input line 106.
(pdftex.def)             Requested size: 142.26378pt x 195.29926pt.
[22

 <./img/isaacNewton.jpg>] [23

]
Chapter 9.
<./img/industrevolution.jpg, id=89, 1662.21pt x 1079.53313pt>
File: ./img/industrevolution.jpg Graphic file (type jpg)
<use ./img/industrevolution.jpg>
Package pdftex.def Info: ./img/industrevolution.jpg  used on input line 115.
(pdftex.def)             Requested size: 284.52756pt x 184.78658pt.
[24

 <./img/industrevolution.jpg>]
Chapter 10.
<./img/crossingDelaware.jpg, id=93, 282.05376pt x 180.675pt>
File: ./img/crossingDelaware.jpg Graphic file (type jpg)
<use ./img/crossingDelaware.jpg>
Package pdftex.def Info: ./img/crossingDelaware.jpg  used on input line 121.
(pdftex.def)             Requested size: 284.52756pt x 182.27353pt.
[25

 <./img/crossingDelaware.jpg>] [26

]
Chapter 11.
<./img/claraBarton.jpg, id=101, 228.855pt x 222.8325pt>
File: ./img/claraBarton.jpg Graphic file (type jpg)
<use ./img/claraBarton.jpg>
Package pdftex.def Info: ./img/claraBarton.jpg  used on input line 132.
(pdftex.def)             Requested size: 199.16928pt x 193.93411pt.
[27

 <./img/claraBarton.jpg>]
Chapter 12.
<./img/einstein.jpg, id=105, 194.7275pt x 259.97125pt>
File: ./img/einstein.jpg Graphic file (type jpg)
<use ./img/einstein.jpg>
Package pdftex.def Info: ./img/einstein.jpg  used on input line 138.
(pdftex.def)             Requested size: 170.71652pt x 227.92253pt.
[28

 <./img/einstein.jpg>]
Chapter 13.
<./img/jrrtolkien.jpg, id=109, 214.8025pt x 318.18875pt>
File: ./img/jrrtolkien.jpg Graphic file (type jpg)
<use ./img/jrrtolkien.jpg>
Package pdftex.def Info: ./img/jrrtolkien.jpg  used on input line 144.
(pdftex.def)             Requested size: 142.26378pt x 210.73834pt.
[29

 <./img/jrrtolkien.jpg>] [30

]
Chapter 14.
<./img/flight.jpg, id=116, 327.2225pt x 155.58125pt>
File: ./img/flight.jpg Graphic file (type jpg)
<use ./img/flight.jpg>
Package pdftex.def Info: ./img/flight.jpg  used on input line 156.
(pdftex.def)             Requested size: 284.52756pt x 135.28099pt.
[31

 <./img/flight.jpg>]
Chapter 15.
<./img/tripleEntente.png, id=121, 412.54124pt x 271.0125pt>
File: ./img/tripleEntente.png Graphic file (type png)
<use ./img/tripleEntente.png>
Package pdftex.def Info: ./img/tripleEntente.png  used on input line 162.
(pdftex.def)             Requested size: 284.52756pt x 186.9161pt.
[32

 <./img/tripleEntente.png>]
Chapter 16.
<./img/ferdinand.jpg, id=127, 220.825pt x 312.16624pt>
File: ./img/ferdinand.jpg Graphic file (type jpg)
<use ./img/ferdinand.jpg>
Package pdftex.def Info: ./img/ferdinand.jpg  used on input line 174.
(pdftex.def)             Requested size: 227.62204pt x 321.79204pt.
<./img/austriaWarSerbia.jpg, id=128, 307.1475pt x 164.615pt>
File: ./img/austriaWarSerbia.jpg Graphic file (type jpg)
<use ./img/austriaWarSerbia.jpg>
Package pdftex.def Info: ./img/austriaWarSerbia.jpg  used on input line 179.
(pdftex.def)             Requested size: 284.52756pt x 152.5026pt.
[33

 <./img/ferdinand.jpg>]
<./img/russianTroops.jpg, id=132, 154.176pt x 91.3011pt>
File: ./img/russianTroops.jpg Graphic file (type jpg)
<use ./img/russianTroops.jpg>
Package pdftex.def Info: ./img/russianTroops.jpg  used on input line 184.
(pdftex.def)             Requested size: 284.52756pt x 168.5143pt.
 [34 <./img/austriaWarSerbia.jpg> <./img/russianTroops.jpg>]
<./img/germanyWarDeclaration.jpg, id=136, 550.30594pt x 375.65344pt>
File: ./img/germanyWarDeclaration.jpg Graphic file (type jpg)
<use ./img/germanyWarDeclaration.jpg>
Package pdftex.def Info: ./img/germanyWarDeclaration.jpg  used on input line 18
9.
(pdftex.def)             Requested size: 284.52756pt x 194.2289pt.
<./img/germanyInBelgium.jpg, id=137, 367.3725pt x 210.7875pt>
File: ./img/germanyInBelgium.jpg Graphic file (type jpg)
<use ./img/germanyInBelgium.jpg>
Package pdftex.def Info: ./img/germanyInBelgium.jpg  used on input line 194.
(pdftex.def)             Requested size: 341.43306pt x 195.91777pt.
 [35 <./img/germanyWarDeclaration.jpg>]
<./img/battleOfLiege.png, id=141, 698.61pt x 395.4775pt>
File: ./img/battleOfLiege.png Graphic file (type png)
<use ./img/battleOfLiege.png>
Package pdftex.def Info: ./img/battleOfLiege.png  used on input line 199.
(pdftex.def)             Requested size: 341.43306pt x 193.2848pt.
 [36 <./img/germanyInBelgium.jpg>]
<./img/battleOfCer.jpg, id=145, 301.125pt x 243.91125pt>
File: ./img/battleOfCer.jpg Graphic file (type jpg)
<use ./img/battleOfCer.jpg>
Package pdftex.def Info: ./img/battleOfCer.jpg  used on input line 204.
(pdftex.def)             Requested size: 227.62204pt x 184.38075pt.
 [37 <./img/battleOfLiege.png>]
<./img/battleOfGalicia.jpg, id=151, 862.22125pt x 625.33624pt>
File: ./img/battleOfGalicia.jpg Graphic file (type jpg)
<use ./img/battleOfGalicia.jpg>
Package pdftex.def Info: ./img/battleOfGalicia.jpg  used on input line 211.
(pdftex.def)             Requested size: 284.52756pt x 206.35205pt.
 [38 <./img/battleOfCer.jpg>]
<./img/battleOfFrontier.jpg, id=155, 1505.625pt x 1294.8375pt>
File: ./img/battleOfFrontier.jpg Graphic file (type jpg)
<use ./img/battleOfFrontier.jpg>
Package pdftex.def Info: ./img/battleOfFrontier.jpg  used on input line 215.
(pdftex.def)             Requested size: 284.52756pt x 244.69792pt.
 [39 <./img/battleOfGalicia.jpg>]
<./img/christmasTruce.jpg, id=159, 622.325pt x 350.30875pt>
File: ./img/christmasTruce.jpg Graphic file (type jpg)
<use ./img/christmasTruce.jpg>
Package pdftex.def Info: ./img/christmasTruce.jpg  used on input line 220.
(pdftex.def)             Requested size: 284.52756pt x 160.16045pt.
 [40 <./img/battleOfFrontier.jpg>] [41 <./img/christmasTruce.jpg>]
Chapter 17.
<./img/germanRevolution.jpg, id=166, 331.2375pt x 244.915pt>
File: ./img/germanRevolution.jpg Graphic file (type jpg)
<use ./img/germanRevolution.jpg>
Package pdftex.def Info: ./img/germanRevolution.jpg  used on input line 229.
(pdftex.def)             Requested size: 284.52756pt x 210.38734pt.
[42

 <./img/germanRevolution.jpg>]
Chapter 18.
<./img/wallStreetCrash.jpg, id=170, 282.30469pt x 376.40625pt>
File: ./img/wallStreetCrash.jpg Graphic file (type jpg)
<use ./img/wallStreetCrash.jpg>
Package pdftex.def Info: ./img/wallStreetCrash.jpg  used on input line 235.
(pdftex.def)             Requested size: 227.62204pt x 303.5032pt.
[43

 <./img/wallStreetCrash.jpg>]
Chapter 19.
<./img/nissan.jpg, id=175, 401.5pt x 401.5pt>
File: ./img/nissan.jpg Graphic file (type jpg)
<use ./img/nissan.jpg>
Package pdftex.def Info: ./img/nissan.jpg  used on input line 241.
(pdftex.def)             Requested size: 227.62204pt x 227.62596pt.
[44

 <./img/nissan.jpg>]
Chapter 20.
[45

]
Chapter 21.
LaTeX Font Info:    External font `cmex10' loaded for size
(Font)              <12> on input line 250.
<./img/mcdonalds.jpg, id=182, 1003.75pt x 627.34375pt>
File: ./img/mcdonalds.jpg Graphic file (type jpg)
<use ./img/mcdonalds.jpg>
Package pdftex.def Info: ./img/mcdonalds.jpg  used on input line 251.
(pdftex.def)             Requested size: 341.43306pt x 213.39934pt.
[46

 <./img/mcdonalds.jpg>]
Chapter 22.
<./img/stephenhawking.jpg, id=186, 233.87375pt x 349.305pt>
File: ./img/stephenhawking.jpg Graphic file (type jpg)
<use ./img/stephenhawking.jpg>
Package pdftex.def Info: ./img/stephenhawking.jpg  used on input line 257.
(pdftex.def)             Requested size: 142.26378pt x 212.48944pt.
[47

 <./img/stephenhawking.jpg>]
Chapter 23.
<./img/endww2.jpg, id=190, 807.015pt x 701.62125pt>
File: ./img/endww2.jpg Graphic file (type jpg)
<use ./img/endww2.jpg>
Package pdftex.def Info: ./img/endww2.jpg  used on input line 264.
(pdftex.def)             Requested size: 227.62204pt x 197.89789pt.
[48

 <./img/endww2.jpg>]
Chapter 24.
<./img/pakistan.png, id=194, 770.12718pt x 432.86719pt>
File: ./img/pakistan.png Graphic file (type png)
<use ./img/pakistan.png>
Package pdftex.def Info: ./img/pakistan.png  used on input line 270.
(pdftex.def)             Requested size: 284.52756pt x 159.92056pt.
<./img/independenceIndia.jpg, id=195, 1104.125pt x 513.92pt>
File: ./img/independenceIndia.jpg Graphic file (type jpg)
<use ./img/independenceIndia.jpg>
Package pdftex.def Info: ./img/independenceIndia.jpg  used on input line 275.
(pdftex.def)             Requested size: 341.43306pt x 158.92146pt.
[49

 <./img/pakistan.png>] [50 <./img/independenceIndia.jpg>]
Chapter 25.
<./img/gandhiDead.jpg, id=204, 578.16pt x 325.215pt>
File: ./img/gandhiDead.jpg Graphic file (type jpg)
<use ./img/gandhiDead.jpg>
Package pdftex.def Info: ./img/gandhiDead.jpg  used on input line 282.
(pdftex.def)             Requested size: 341.43306pt x 192.05383pt.
[51

 <./img/gandhiDead.jpg>]
Chapter 26.
<./img/lotrbook1.jpg, id=208, 297.11pt x 446.66875pt>
File: ./img/lotrbook1.jpg Graphic file (type jpg)
<use ./img/lotrbook1.jpg>
Package pdftex.def Info: ./img/lotrbook1.jpg  used on input line 290.
(pdftex.def)             Requested size: 142.26378pt x 213.88739pt.
[52

 <./img/lotrbook1.jpg>]
Chapter 27.
<./img/spaceage.jpg, id=212, 245.91875pt x 206.7725pt>
File: ./img/spaceage.jpg Graphic file (type jpg)
<use ./img/spaceage.jpg>
Package pdftex.def Info: ./img/spaceage.jpg  used on input line 298.
(pdftex.def)             Requested size: 284.52756pt x 239.24417pt.
[53

 <./img/spaceage.jpg>]
Chapter 28.
<./img/gaben.jpg, id=216, 433.62pt x 244.2726pt>
File: ./img/gaben.jpg Graphic file (type jpg)
<use ./img/gaben.jpg>
Package pdftex.def Info: ./img/gaben.jpg  used on input line 304.
(pdftex.def)             Requested size: 284.52756pt x 160.29231pt.

Underfull \hbox (badness 10000) in paragraph at lines 305--306

 []

[54

 <./img/gaben.jpg>]
Chapter 29.
<./img/apollo11.jpg, id=220, 1027.84pt x 562.1pt>
File: ./img/apollo11.jpg Graphic file (type jpg)
<use ./img/apollo11.jpg>
Package pdftex.def Info: ./img/apollo11.jpg  used on input line 312.
(pdftex.def)             Requested size: 341.43306pt x 186.72008pt.
[55

 <./img/apollo11.jpg>]
Chapter 30.
<./img/greenmarch.jpg, id=225, 481.8pt x 271.0125pt>
File: ./img/greenmarch.jpg Graphic file (type jpg)
<use ./img/greenmarch.jpg>
Package pdftex.def Info: ./img/greenmarch.jpg  used on input line 318.
(pdftex.def)             Requested size: 341.43306pt x 192.06044pt.
[56

 <./img/greenmarch.jpg>]
Chapter 31.
<./img/voyagerProgram.jpg, id=229, 893.3375pt x 501.875pt>
File: ./img/voyagerProgram.jpg Graphic file (type jpg)
<use ./img/voyagerProgram.jpg>
Package pdftex.def Info: ./img/voyagerProgram.jpg  used on input line 324.
(pdftex.def)             Requested size: 341.43306pt x 191.81723pt.
[57

 <./img/voyagerProgram.jpg>]
Chapter 32.
<./img/sphinxRestoration.jpg, id=233, 723.70375pt x 1003.75pt>
File: ./img/sphinxRestoration.jpg Graphic file (type jpg)
<use ./img/sphinxRestoration.jpg>
Package pdftex.def Info: ./img/sphinxRestoration.jpg  used on input line 330.
(pdftex.def)             Requested size: 184.9429pt x 256.5119pt.
[58

 <./img/sphinxRestoration.jpg>]
Chapter 33.
<./img/windows.png, id=237, 301.125pt x 225.84375pt>
File: ./img/windows.png Graphic file (type png)
<use ./img/windows.png>
Package pdftex.def Info: ./img/windows.png  used on input line 338.
(pdftex.def)             Requested size: 199.16928pt x 149.38126pt.
Excluding 'comment' comment. [59

 <./img/windows.png>]
Chapter 34.
<./img/chernobyl.jpg, id=241, 1405.25pt x 790.955pt>
File: ./img/chernobyl.jpg Graphic file (type jpg)
<use ./img/chernobyl.jpg>
Package pdftex.def Info: ./img/chernobyl.jpg  used on input line 348.
(pdftex.def)             Requested size: 227.62204pt x 128.11227pt.
[60

 <./img/chernobyl.jpg>]
Chapter 35.
<./img/fallBerlinWall.jpg, id=245, 578.16pt x 326.1786pt>
File: ./img/fallBerlinWall.jpg Graphic file (type jpg)
<use ./img/fallBerlinWall.jpg>
Package pdftex.def Info: ./img/fallBerlinWall.jpg  used on input line 356.
(pdftex.def)             Requested size: 284.52756pt x 160.52072pt.
<./img/www.jpg, id=246, 278.54062pt x 188.20313pt>
File: ./img/www.jpg Graphic file (type jpg)
<use ./img/www.jpg>
Package pdftex.def Info: ./img/www.jpg  used on input line 363.
(pdftex.def)             Requested size: 284.52756pt x 192.2518pt.
[61

 <./img/fallBerlinWall.jpg>] [62 <./img/www.jpg>]
Chapter 36.
<./img/hubble.jpg, id=254, 1284.8pt x 1498.59875pt>
File: ./img/hubble.jpg Graphic file (type jpg)
<use ./img/hubble.jpg>
Package pdftex.def Info: ./img/hubble.jpg  used on input line 369.
(pdftex.def)             Requested size: 170.71652pt x 199.12363pt.
<./img/iraqKuwaitWar.jpg, id=255, 640.3925pt x 480.79625pt>
File: ./img/iraqKuwaitWar.jpg Graphic file (type jpg)
<use ./img/iraqKuwaitWar.jpg>
Package pdftex.def Info: ./img/iraqKuwaitWar.jpg  used on input line 374.
(pdftex.def)             Requested size: 284.52756pt x 213.61984pt.
[63

 <./img/hubble.jpg>] [64 <./img/iraqKuwaitWar.jpg>]
Chapter 37.
<./img/ussr.jpg, id=262, 276.03125pt x 183.68625pt>
File: ./img/ussr.jpg Graphic file (type jpg)
<use ./img/ussr.jpg>
Package pdftex.def Info: ./img/ussr.jpg  used on input line 383.
(pdftex.def)             Requested size: 284.52756pt x 189.35869pt.
[65

 <./img/ussr.jpg>]
Chapter 38.
<./img/maastrichtTreaty.jpg, id=266, 907.39pt x 671.50874pt>
File: ./img/maastrichtTreaty.jpg Graphic file (type jpg)
<use ./img/maastrichtTreaty.jpg>
Package pdftex.def Info: ./img/maastrichtTreaty.jpg  used on input line 389.
(pdftex.def)             Requested size: 341.43306pt x 252.67586pt.
<./img/PSR_B1257_12_C.jpg, id=267, 451.6875pt x 401.5pt>
File: ./img/PSR_B1257_12_C.jpg Graphic file (type jpg)
<use ./img/PSR_B1257_12_C.jpg>
Package pdftex.def Info: ./img/PSR_B1257_12_C.jpg  used on input line 394.
(pdftex.def)             Requested size: 284.52756pt x 252.92795pt.
[66

 <./img/maastrichtTreaty.jpg>] [67 <./img/PSR_B1257_12_C.jpg>]
Chapter 39.
<./img/mandela.jpg, id=275, 227.85126pt x 301.125pt>
File: ./img/mandela.jpg Graphic file (type jpg)
<use ./img/mandela.jpg>
Package pdftex.def Info: ./img/mandela.jpg  used on input line 400.
(pdftex.def)             Requested size: 199.16928pt x 263.22641pt.
[68

 <./img/mandela.jpg>]
Chapter 40.
<./img/internetExplorer.jpg, id=279, 602.25pt x 453.695pt>
File: ./img/internetExplorer.jpg Graphic file (type jpg)
<use ./img/internetExplorer.jpg>
Package pdftex.def Info: ./img/internetExplorer.jpg  used on input line 406.
(pdftex.def)             Requested size: 341.43306pt x 257.22427pt.
[69

 <./img/internetExplorer.jpg>]
Chapter 41.
<./img/dollySheep.jpg, id=283, 971.63pt x 683.55376pt>
File: ./img/dollySheep.jpg Graphic file (type jpg)
<use ./img/dollySheep.jpg>
Package pdftex.def Info: ./img/dollySheep.jpg  used on input line 412.
(pdftex.def)             Requested size: 256.0748pt x 180.15001pt.
<./img/valve.jpg, id=284, 263.98625pt x 192.72pt>
File: ./img/valve.jpg Graphic file (type jpg)
<use ./img/valve.jpg>
Package pdftex.def Info: ./img/valve.jpg  used on input line 419.
(pdftex.def)             Requested size: 284.52756pt x 207.72867pt.
[70

 <./img/dollySheep.jpg>] [71 <./img/valve.jpg>]
Chapter 42.
<./img/googlebeta.jpg, id=291, 48.6618pt x 33.2442pt>
File: ./img/googlebeta.jpg Graphic file (type jpg)
<use ./img/googlebeta.jpg>
Package pdftex.def Info: ./img/googlebeta.jpg  used on input line 427.
(pdftex.def)             Requested size: 227.62204pt x 155.52132pt.
<./img/iss.jpg, id=292, 1204.5pt x 767.86874pt>
File: ./img/iss.jpg Graphic file (type jpg)
<use ./img/iss.jpg>
Package pdftex.def Info: ./img/iss.jpg  used on input line 432.
(pdftex.def)             Requested size: 341.43306pt x 217.66147pt.
[72

 <./img/googlebeta.jpg>] [73 <./img/iss.jpg>] [74

]
Chapter 43.
<./img/fireworks.jpg, id=303, 564.60938pt x 376.40625pt>
File: ./img/fireworks.jpg Graphic file (type jpg)
<use ./img/fireworks.jpg>
Package pdftex.def Info: ./img/fireworks.jpg  used on input line 443.
(pdftex.def)             Requested size: 341.43306pt x 227.62596pt.
[75

 <./img/fireworks.jpg>]
Chapter 44.
<./img/wikipedia.png, id=307, 466.74374pt x 465.23813pt>
File: ./img/wikipedia.png Graphic file (type png)
<use ./img/wikipedia.png>
Package pdftex.def Info: ./img/wikipedia.png  used on input line 449.
(pdftex.def)             Requested size: 227.62204pt x 226.88963pt.
<./img/9-11.jpg, id=308, 489.32813pt x 389.95688pt>
File: ./img/9-11.jpg Graphic file (type jpg)
<use ./img/9-11.jpg>
Package pdftex.def Info: ./img/9-11.jpg  used on input line 454.
(pdftex.def)             Requested size: 341.43306pt x 272.09921pt.
[76

 <./img/wikipedia.png>]
<./img/xbox1.jpg, id=313, 1716.4125pt x 788.9475pt>
File: ./img/xbox1.jpg Graphic file (type jpg)
<use ./img/xbox1.jpg>
Package pdftex.def Info: ./img/xbox1.jpg  used on input line 459.
(pdftex.def)             Requested size: 284.52756pt x 130.77263pt.
 [77 <./img/9-11.jpg>] [78 <./img/xbox1.jpg>]
Chapter 45.
<./img/euro.jpg, id=320, 291.0875pt x 174.6525pt>
File: ./img/euro.jpg Graphic file (type jpg)
<use ./img/euro.jpg>
Package pdftex.def Info: ./img/euro.jpg  used on input line 466.
(pdftex.def)             Requested size: 341.43306pt x 204.8756pt.
[79

 <./img/euro.jpg>]
Chapter 46.
<./img/iraqWar.jpg, id=325, 438.63875pt x 321.2pt>
File: ./img/iraqWar.jpg Graphic file (type jpg)
<use ./img/iraqWar.jpg>
Package pdftex.def Info: ./img/iraqWar.jpg  used on input line 472.
(pdftex.def)             Requested size: 284.52756pt x 208.35112pt.
<./img/steamlogo.jpeg, id=326, 730.73pt x 486.81876pt>
File: ./img/steamlogo.jpeg Graphic file (type jpg)
<use ./img/steamlogo.jpeg>
Package pdftex.def Info: ./img/steamlogo.jpeg  used on input line 477.
(pdftex.def)             Requested size: 284.52756pt x 189.55399pt.
[80

 <./img/iraqWar.jpg>] [81 <./img/steamlogo.jpeg>]
Chapter 47.
<./img/facebook.jpg, id=333, 436.63126pt x 311.1625pt>
File: ./img/facebook.jpg Graphic file (type jpg)
<use ./img/facebook.jpg>
Package pdftex.def Info: ./img/facebook.jpg  used on input line 484.
(pdftex.def)             Requested size: 284.52756pt x 202.766pt.
<./img/2004tsunami.jpg, id=334, 554.07pt x 366.61969pt>
File: ./img/2004tsunami.jpg Graphic file (type jpg)
<use ./img/2004tsunami.jpg>
Package pdftex.def Info: ./img/2004tsunami.jpg  used on input line 489.
(pdftex.def)             Requested size: 312.9803pt x 207.09575pt.
[82

 <./img/facebook.jpg>] [83 <./img/2004tsunami.jpg>]
Chapter 48.
<./img/youtube.jpg, id=341, 200.75pt x 200.75pt>
File: ./img/youtube.jpg Graphic file (type jpg)
<use ./img/youtube.jpg>
Package pdftex.def Info: ./img/youtube.jpg  used on input line 496.
(pdftex.def)             Requested size: 227.62204pt x 227.63821pt.
<./img/hurricaneKatrina.jpg, id=342, 198.7425pt x 255.95625pt>
File: ./img/hurricaneKatrina.jpg Graphic file (type jpg)
<use ./img/hurricaneKatrina.jpg>
Package pdftex.def Info: ./img/hurricaneKatrina.jpg  used on input line 501.
(pdftex.def)             Requested size: 227.62204pt x 293.1601pt.
[84

 <./img/youtube.jpg>] [85 <./img/hurricaneKatrina.jpg>]
Chapter 49.
<./img/twitter.png, id=350, 281.05pt x 228.855pt>
File: ./img/twitter.png Graphic file (type png)
<use ./img/twitter.png>
Package pdftex.def Info: ./img/twitter.png  used on input line 507.
(pdftex.def)             Requested size: 170.71652pt x 139.01118pt.
[86

 <./img/twitter.png>]
Chapter 50.
<./img/iphone1.jpg, id=355, 602.25pt x 338.26375pt>
File: ./img/iphone1.jpg Graphic file (type jpg)
<use ./img/iphone1.jpg>
Package pdftex.def Info: ./img/iphone1.jpg  used on input line 513.
(pdftex.def)             Requested size: 341.43306pt x 191.78003pt.
[87

 <./img/iphone1.jpg>]
Chapter 51.
<./img/fcrash2008.jpg, id=359, 642.4pt x 240.9pt>
File: ./img/fcrash2008.jpg Graphic file (type jpg)
<use ./img/fcrash2008.jpg>
Package pdftex.def Info: ./img/fcrash2008.jpg  used on input line 521.
(pdftex.def)             Requested size: 341.43306pt x 128.04028pt.
[88

 <./img/fcrash2008.jpg>]
Chapter 52.
<./img/obamaInaug.jpg, id=363, 505.89pt x 361.35pt>
File: ./img/obamaInaug.jpg Graphic file (type jpg)
<use ./img/obamaInaug.jpg>
Package pdftex.def Info: ./img/obamaInaug.jpg  used on input line 529.
(pdftex.def)             Requested size: 341.43306pt x 243.88419pt.
<./img/burjKhalifa.jpg, id=364, 422.57875pt x 642.4pt>
File: ./img/burjKhalifa.jpg Graphic file (type jpg)
<use ./img/burjKhalifa.jpg>
Package pdftex.def Info: ./img/burjKhalifa.jpg  used on input line 534.
(pdftex.def)             Requested size: 227.62204pt x 346.03804pt.
[89

 <./img/obamaInaug.jpg>] [90 <./img/burjKhalifa.jpg>]
Chapter 53.
Excluding 'comment' comment.
<./img/twitch.png, id=371, 1204.5pt x 399.4925pt>
File: ./img/twitch.png Graphic file (type png)
<use ./img/twitch.png>
Package pdftex.def Info: ./img/twitch.png  used on input line 547.
(pdftex.def)             Requested size: 284.52756pt x 94.36841pt.
 [91

 <./img/twitch.png>]
Chapter 54.
<./img/curiosityRover.jpg, id=377, 260.975pt x 359.3425pt>
File: ./img/curiosityRover.jpg Graphic file (type jpg)
<use ./img/curiosityRover.jpg>
Package pdftex.def Info: ./img/curiosityRover.jpg  used on input line 556.
(pdftex.def)             Requested size: 142.26378pt x 195.88986pt.
[92

 <./img/curiosityRover.jpg>]
Chapter 55.
<./img/voyagerLeaving.jpg, id=381, 481.8pt x 361.35pt>
File: ./img/voyagerLeaving.jpg Graphic file (type jpg)
<use ./img/voyagerLeaving.jpg>
Package pdftex.def Info: ./img/voyagerLeaving.jpg  used on input line 562.
(pdftex.def)             Requested size: 341.43306pt x 256.0806pt.
Excluding 'comment' comment. [93

 <./img/voyagerLeaving.jpg>] (history.aux) ) 
Here is how much of TeX's memory you used:
 2205 strings out of 492970
 34375 string characters out of 3135842
 93243 words of memory out of 3000000
 5987 multiletter control sequences out of 15000+200000
 10337 words of font info for 36 fonts, out of 3000000 for 9000
 1141 hyphenation exceptions out of 8191
 41i,8n,35p,1377b,192s stack positions out of 5000i,500n,10000p,200000b,50000s
<D:/Program Files/MiKTeX 2.9/fonts/
type1/public/amsfonts/cm/cmbx10.pfb><D:/Program Files/MiKTeX 2.9/fonts/type1/pu
blic/amsfonts/cm/cmbx12.pfb><D:/Program Files/MiKTeX 2.9/fonts/type1/public/ams
fonts/cm/cmr10.pfb><D:/Program Files/MiKTeX 2.9/fonts/type1/public/amsfonts/cm/
cmr6.pfb><D:/Program Files/MiKTeX 2.9/fonts/type1/public/amsfonts/cm/cmr8.pfb><
D:/Program Files/MiKTeX 2.9/fonts/type1/public/amsfonts/cm/cmr9.pfb><D:/Program
 Files/MiKTeX 2.9/fonts/type1/public/amsfonts/cm/cmsy10.pfb>
Output written on history.pdf (93 pages, 16732879 bytes).
PDF statistics:
 411 PDF objects out of 1000 (max. 8388607)
 0 named destinations out of 1000 (max. 500000)
 376 words of extra memory for PDF output out of 10000 (max. 10000000)

