\BOOKMARK [-1][-]{part.1}{I Billions of years ago}{}% 1
\BOOKMARK [0][-]{chapter.1}{13.6 Billion years ago}{part.1}% 2
\BOOKMARK [1][-]{section.1.1}{Formation of the Milky Way}{chapter.1}% 3
\BOOKMARK [0][-]{chapter.2}{4.54 Billion years ago}{part.1}% 4
\BOOKMARK [1][-]{section.2.1}{Formation of planet Earth}{chapter.2}% 5
\BOOKMARK [0][-]{chapter.3}{4.5 Billion years ago}{part.1}% 6
\BOOKMARK [1][-]{section.3.1}{Formation of The Moon}{chapter.3}% 7
\BOOKMARK [0][-]{chapter.4}{1.6 Billion years ago}{part.1}% 8
\BOOKMARK [1][-]{section.4.1}{Appearance of Eukaryotic cells}{chapter.4}% 9
\BOOKMARK [-1][-]{part.2}{II 499-400 BC}{}% 10
\BOOKMARK [0][-]{chapter.5}{470 BC}{part.2}% 11
\BOOKMARK [1][-]{subsection.5.0.1}{Birth of Socrates}{chapter.5}% 12
\BOOKMARK [-1][-]{part.3}{III 400-300 BC}{}% 13
\BOOKMARK [0][-]{chapter.6}{356 BC}{part.3}% 14
\BOOKMARK [1][-]{section.6.1}{July 20/21}{chapter.6}% 15
\BOOKMARK [2][-]{subsection.6.1.1}{Birth of Alexander III of Macedon}{section.6.1}% 16
\BOOKMARK [-1][-]{part.4}{IV 6th century}{}% 17
\BOOKMARK [0][-]{chapter.7}{541}{part.4}% 18
\BOOKMARK [1][-]{section.7.1}{}{chapter.7}% 19
\BOOKMARK [2][-]{subsection.7.1.1}{Plague of Justinian \(first plague pandemic\)}{section.7.1}% 20
\BOOKMARK [0][-]{chapter.8}{570}{part.4}% 21
\BOOKMARK [1][-]{section.8.1}{}{chapter.8}% 22
\BOOKMARK [2][-]{subsection.8.1.1}{Birth of Muhammad}{section.8.1}% 23
\BOOKMARK [-1][-]{part.5}{V 11th century}{}% 24
\BOOKMARK [0][-]{chapter.9}{1096}{part.5}% 25
\BOOKMARK [1][-]{section.9.1}{}{chapter.9}% 26
\BOOKMARK [2][-]{subsection.9.1.1}{Establishment of Oxford university}{section.9.1}% 27
\BOOKMARK [-1][-]{part.6}{VI 12th century}{}% 28
\BOOKMARK [0][-]{chapter.10}{1162}{part.6}% 29
\BOOKMARK [1][-]{section.10.1}{}{chapter.10}% 30
\BOOKMARK [2][-]{subsection.10.1.1}{Birth of Genghis Khan}{section.10.1}% 31
\BOOKMARK [-1][-]{part.7}{VII 13th century}{}% 32
\BOOKMARK [0][-]{chapter.11}{1265}{part.7}% 33
\BOOKMARK [1][-]{section.11.1}{}{chapter.11}% 34
\BOOKMARK [2][-]{subsection.11.1.1}{Renaissance}{section.11.1}% 35
\BOOKMARK [-1][-]{part.8}{VIII 14th century}{}% 36
\BOOKMARK [0][-]{chapter.12}{1347}{part.8}% 37
\BOOKMARK [1][-]{section.12.1}{}{chapter.12}% 38
\BOOKMARK [2][-]{subsection.12.1.1}{Black Death \(second plague pandemic\)}{section.12.1}% 39
\BOOKMARK [-1][-]{part.9}{IX 15th century}{}% 40
\BOOKMARK [0][-]{chapter.13}{1453}{part.9}% 41
\BOOKMARK [1][-]{section.13.1}{May 29}{chapter.13}% 42
\BOOKMARK [2][-]{subsection.13.1.1}{The Fall of Constantinople}{section.13.1}% 43
\BOOKMARK [0][-]{chapter.14}{1468}{part.9}% 44
\BOOKMARK [1][-]{section.14.1}{February 02}{chapter.14}% 45
\BOOKMARK [2][-]{subsection.14.1.1}{Birth of Johannes Gutenberg}{section.14.1}% 46
\BOOKMARK [0][-]{chapter.15}{1492}{part.9}% 47
\BOOKMARK [1][-]{section.15.1}{December 26}{chapter.15}% 48
\BOOKMARK [2][-]{subsection.15.1.1}{First Spanish settlement La Navidad in the New World}{section.15.1}% 49
\BOOKMARK [-1][-]{part.10}{X 16th century}{}% 50
\BOOKMARK [0][-]{chapter.16}{1543}{part.10}% 51
\BOOKMARK [1][-]{section.16.1}{}{chapter.16}% 52
\BOOKMARK [2][-]{subsection.16.1.1}{Modern scientific revolution}{section.16.1}% 53
\BOOKMARK [-1][-]{part.11}{XI 17th century}{}% 54
\BOOKMARK [0][-]{chapter.17}{1636}{part.11}% 55
\BOOKMARK [1][-]{subsection.17.0.1}{Establishment of Harvard university}{chapter.17}% 56
\BOOKMARK [0][-]{chapter.18}{1643}{part.11}% 57
\BOOKMARK [1][-]{section.18.1}{January 04}{chapter.18}% 58
\BOOKMARK [2][-]{subsection.18.1.1}{Birth of Sir Isaac Newton}{section.18.1}% 59
\BOOKMARK [-1][-]{part.12}{XII 18th century}{}% 60
\BOOKMARK [0][-]{chapter.19}{1760}{part.12}% 61
\BOOKMARK [1][-]{section.19.1}{}{chapter.19}% 62
\BOOKMARK [2][-]{subsection.19.1.1}{Industrial revolution}{section.19.1}% 63
\BOOKMARK [0][-]{chapter.20}{1766}{part.12}% 64
\BOOKMARK [1][-]{section.20.1}{December 25}{chapter.20}% 65
\BOOKMARK [2][-]{subsection.20.1.1}{George Washington's crossing of the Delaware River}{section.20.1}% 66
\BOOKMARK [0][-]{chapter.21}{1769}{part.12}% 67
\BOOKMARK [1][-]{section.21.1}{August 15}{chapter.21}% 68
\BOOKMARK [2][-]{subsection.21.1.1}{Birth of Napoleon Bonaparte}{section.21.1}% 69
\BOOKMARK [0][-]{chapter.22}{1776}{part.12}% 70
\BOOKMARK [1][-]{section.22.1}{July 04}{chapter.22}% 71
\BOOKMARK [2][-]{subsection.22.1.1}{Independence of the United States}{section.22.1}% 72
\BOOKMARK [-1][-]{part.13}{XIII 19th century}{}% 73
\BOOKMARK [0][-]{chapter.23}{1802}{part.13}% 74
\BOOKMARK [1][-]{section.23.1}{February 26}{chapter.23}% 75
\BOOKMARK [2][-]{subsection.23.1.1}{Birth of Victor Hugo}{section.23.1}% 76
\BOOKMARK [0][-]{chapter.24}{1821}{part.13}% 77
\BOOKMARK [1][-]{section.24.1}{December 25}{chapter.24}% 78
\BOOKMARK [2][-]{subsection.24.1.1}{Birth of Clara Harlowe Barton}{section.24.1}% 79
\BOOKMARK [0][-]{chapter.25}{1841}{part.13}% 80
\BOOKMARK [1][-]{section.25.1}{April 06}{chapter.25}% 81
\BOOKMARK [2][-]{subsection.25.1.1}{Inauguration of John Tyler}{section.25.1}% 82
\BOOKMARK [1][-]{section.25.2}{}{chapter.25}% 83
\BOOKMARK [2][-]{subsection.25.2.1}{Founding of C\046A}{section.25.2}% 84
\BOOKMARK [0][-]{chapter.26}{Mid 19th century}{part.13}% 85
\BOOKMARK [1][-]{section.26.1}{}{chapter.26}% 86
\BOOKMARK [2][-]{subsection.26.1.1}{Modern pandemic \(third plague pandemic\)}{section.26.1}% 87
\BOOKMARK [0][-]{chapter.27}{1861}{part.13}% 88
\BOOKMARK [1][-]{section.27.1}{March 04}{chapter.27}% 89
\BOOKMARK [2][-]{subsection.27.1.1}{Inauguration of Abraham Lincoln}{section.27.1}% 90
\BOOKMARK [0][-]{chapter.28}{1869}{part.13}% 91
\BOOKMARK [1][-]{section.28.1}{October 02}{chapter.28}% 92
\BOOKMARK [2][-]{subsection.28.1.1}{Birth of Monhandas Gandhi}{section.28.1}% 93
\BOOKMARK [0][-]{chapter.29}{1879}{part.13}% 94
\BOOKMARK [1][-]{section.29.1}{March 14}{chapter.29}% 95
\BOOKMARK [2][-]{subsection.29.1.1}{Birth of Albert Einstein}{section.29.1}% 96
\BOOKMARK [0][-]{chapter.30}{1887}{part.13}% 97
\BOOKMARK [1][-]{section.30.1}{January 28}{chapter.30}% 98
\BOOKMARK [2][-]{subsection.30.1.1}{Beginning of Eiffel Tower construction}{section.30.1}% 99
\BOOKMARK [0][-]{chapter.31}{1889}{part.13}% 100
\BOOKMARK [1][-]{section.31.1}{April 16}{chapter.31}% 101
\BOOKMARK [2][-]{subsection.31.1.1}{Birth of Charles Chaplin}{section.31.1}% 102
\BOOKMARK [1][-]{section.31.2}{April 20}{chapter.31}% 103
\BOOKMARK [2][-]{subsection.31.2.1}{Birth of Adolf Hitler}{section.31.2}% 104
\BOOKMARK [1][-]{section.31.3}{September 23}{chapter.31}% 105
\BOOKMARK [2][-]{subsection.31.3.1}{Founding of Nintendo}{section.31.3}% 106
\BOOKMARK [0][-]{chapter.32}{1892}{part.13}% 107
\BOOKMARK [1][-]{section.32.1}{January 03}{chapter.32}% 108
\BOOKMARK [2][-]{subsection.32.1.1}{Birth of J.R.R Tolkien}{section.32.1}% 109
\BOOKMARK [0][-]{chapter.33}{1896}{part.13}% 110
\BOOKMARK [1][-]{section.33.1}{April 06-15}{chapter.33}% 111
\BOOKMARK [2][-]{subsection.33.1.1}{First international Olympic Games}{section.33.1}% 112
\BOOKMARK [-1][-]{part.14}{XIV 20th Century}{}% 113
\BOOKMARK [0][-]{chapter.34}{1903}{part.14}% 114
\BOOKMARK [1][-]{section.34.1}{June 16}{chapter.34}% 115
\BOOKMARK [2][-]{subsection.34.1.1}{Founding of Ford}{section.34.1}% 116
\BOOKMARK [1][-]{section.34.2}{December 17}{chapter.34}% 117
\BOOKMARK [2][-]{subsection.34.2.1}{First flight by the Wright brothers}{section.34.2}% 118
\BOOKMARK [0][-]{chapter.35}{1907}{part.14}% 119
\BOOKMARK [1][-]{section.35.1}{August 31}{chapter.35}% 120
\BOOKMARK [2][-]{subsection.35.1.1}{Creation of the Triple Entente}{section.35.1}% 121
\BOOKMARK [0][-]{chapter.36}{1908}{part.14}% 122
\BOOKMARK [1][-]{section.36.1}{July 16}{chapter.36}% 123
\BOOKMARK [2][-]{subsection.36.1.1}{Formation of the FBI}{section.36.1}% 124
\BOOKMARK [0][-]{chapter.37}{1912}{part.14}% 125
\BOOKMARK [1][-]{section.37.1}{April 14-15}{chapter.37}% 126
\BOOKMARK [2][-]{subsection.37.1.1}{Sinking of the RMS Titanic}{section.37.1}% 127
\BOOKMARK [0][-]{chapter.38}{1914}{part.14}% 128
\BOOKMARK [1][-]{section.38.1}{June 28}{chapter.38}% 129
\BOOKMARK [2][-]{subsection.38.1.1}{Assassination of Franz Ferdinand}{section.38.1}% 130
\BOOKMARK [1][-]{section.38.2}{July 28}{chapter.38}% 131
\BOOKMARK [2][-]{subsection.38.2.1}{Austria-Hungary declares war on Serbia \(World War IDocumentary: They Shall Not Grow Old \(2018\) begins\)}{section.38.2}% 132
\BOOKMARK [1][-]{section.38.3}{July 31}{chapter.38}% 133
\BOOKMARK [2][-]{subsection.38.3.1}{Russia mobilizes its army in defense of Serbia}{section.38.3}% 134
\BOOKMARK [1][-]{section.38.4}{August 01}{chapter.38}% 135
\BOOKMARK [2][-]{subsection.38.4.1}{Germany declares war on Russia}{section.38.4}% 136
\BOOKMARK [1][-]{section.38.5}{August 03}{chapter.38}% 137
\BOOKMARK [2][-]{subsection.38.5.1}{Germany declares war on France}{section.38.5}% 138
\BOOKMARK [1][-]{section.38.6}{August 04}{chapter.38}% 139
\BOOKMARK [2][-]{subsection.38.6.1}{Germany invades neutral Belgium}{section.38.6}% 140
\BOOKMARK [1][-]{section.38.7}{August 05}{chapter.38}% 141
\BOOKMARK [2][-]{subsection.38.7.1}{Battle of Li\350ge}{section.38.7}% 142
\BOOKMARK [1][-]{section.38.8}{August 15-24}{chapter.38}% 143
\BOOKMARK [2][-]{subsection.38.8.1}{Battle of Cer}{section.38.8}% 144
\BOOKMARK [1][-]{section.38.9}{August-September}{chapter.38}% 145
\BOOKMARK [2][-]{subsection.38.9.1}{Battle of Galicia}{section.38.9}% 146
\BOOKMARK [2][-]{subsection.38.9.2}{Battle of Frontiers}{section.38.9}% 147
\BOOKMARK [1][-]{section.38.10}{December 25}{chapter.38}% 148
\BOOKMARK [2][-]{subsection.38.10.1}{The Christmas truce}{section.38.10}% 149
\BOOKMARK [0][-]{chapter.39}{1917}{part.14}% 150
\BOOKMARK [1][-]{section.39.1}{March 08}{chapter.39}% 151
\BOOKMARK [2][-]{subsection.39.1.1}{Russian February Revolution}{section.39.1}% 152
\BOOKMARK [0][-]{chapter.40}{1918}{part.14}% 153
\BOOKMARK [1][-]{section.40.1}{January}{chapter.40}% 154
\BOOKMARK [2][-]{subsection.40.1.1}{Spanish flu}{section.40.1}% 155
\BOOKMARK [1][-]{section.40.2}{November 11}{chapter.40}% 156
\BOOKMARK [2][-]{subsection.40.2.1}{World War I endsDocumentary: They Shall Not Grow Old \(2018\)}{section.40.2}% 157
\BOOKMARK [0][-]{chapter.41}{1919}{part.14}% 158
\BOOKMARK [1][-]{section.41.1}{June 28}{chapter.41}% 159
\BOOKMARK [2][-]{subsection.41.1.1}{Treaty of Versailles}{section.41.1}% 160
\BOOKMARK [0][-]{chapter.42}{1922}{part.14}% 161
\BOOKMARK [1][-]{section.42.1}{November 04}{chapter.42}% 162
\BOOKMARK [2][-]{subsection.42.1.1}{The discovery of Tutankhamun}{section.42.1}% 163
\BOOKMARK [0][-]{chapter.43}{1929}{part.14}% 164
\BOOKMARK [1][-]{section.43.1}{October 24 \(Black Thursday\)}{chapter.43}% 165
\BOOKMARK [2][-]{subsection.43.1.1}{The Wall Street Crash}{section.43.1}% 166
\BOOKMARK [0][-]{chapter.44}{1930}{part.14}% 167
\BOOKMARK [1][-]{section.44.1}{March 12}{chapter.44}% 168
\BOOKMARK [2][-]{subsection.44.1.1}{The Salt MarchMovie/Documentary: Gandhi \(1982\)}{section.44.1}% 169
\BOOKMARK [1][-]{section.44.2}{July 13}{chapter.44}% 170
\BOOKMARK [2][-]{subsection.44.2.1}{First FIFA World Cup}{section.44.2}% 171
\BOOKMARK [0][-]{chapter.45}{1933}{part.14}% 172
\BOOKMARK [1][-]{section.45.1}{March 04}{chapter.45}% 173
\BOOKMARK [2][-]{subsection.45.1.1}{Inauguration of Franklin D. Roosevelt}{section.45.1}% 174
\BOOKMARK [1][-]{section.45.2}{December 26}{chapter.45}% 175
\BOOKMARK [2][-]{subsection.45.2.1}{Founding of Nissan}{section.45.2}% 176
\BOOKMARK [0][-]{chapter.46}{1934}{part.14}% 177
\BOOKMARK [1][-]{section.46.1}{October 16}{chapter.46}% 178
\BOOKMARK [2][-]{subsection.46.1.1}{The Long March}{section.46.1}% 179
\BOOKMARK [0][-]{chapter.47}{1939}{part.14}% 180
\BOOKMARK [1][-]{section.47.1}{September 01}{chapter.47}% 181
\BOOKMARK [2][-]{subsection.47.1.1}{German invasion of Poland \(World War II begins\)}{section.47.1}% 182
\BOOKMARK [0][-]{chapter.48}{1940}{part.14}% 183
\BOOKMARK [1][-]{section.48.1}{May 15}{chapter.48}% 184
\BOOKMARK [2][-]{subsection.48.1.1}{Founding of McDonald'sMovie/Documentary: The Founder \(2016\)}{section.48.1}% 185
\BOOKMARK [1][-]{section.48.2}{May 26}{chapter.48}% 186
\BOOKMARK [2][-]{subsection.48.2.1}{Battle of Dunkirk}{section.48.2}% 187
\BOOKMARK [0][-]{chapter.49}{1941}{part.14}% 188
\BOOKMARK [1][-]{section.49.1}{October 02}{chapter.49}% 189
\BOOKMARK [2][-]{subsection.49.1.1}{Battle of Moscow}{section.49.1}% 190
\BOOKMARK [1][-]{section.49.2}{December 07}{chapter.49}% 191
\BOOKMARK [2][-]{subsection.49.2.1}{Attack on Pearl Harbor}{section.49.2}% 192
\BOOKMARK [0][-]{chapter.50}{1942}{part.14}% 193
\BOOKMARK [1][-]{section.50.1}{January 08}{chapter.50}% 194
\BOOKMARK [2][-]{subsection.50.1.1}{Birth of Stephen Hawking}{section.50.1}% 195
\BOOKMARK [0][-]{chapter.51}{1945}{part.14}% 196
\BOOKMARK [1][-]{section.51.1}{May 02}{chapter.51}% 197
\BOOKMARK [2][-]{subsection.51.1.1}{Suicide of Adolf Hitler}{section.51.1}% 198
\BOOKMARK [1][-]{section.51.2}{September 02}{chapter.51}% 199
\BOOKMARK [2][-]{subsection.51.2.1}{End of World War II}{section.51.2}% 200
\BOOKMARK [0][-]{chapter.52}{1946}{part.14}% 201
\BOOKMARK [1][-]{section.52.1}{May 07}{chapter.52}% 202
\BOOKMARK [2][-]{subsection.52.1.1}{Founding of Sony}{section.52.1}% 203
\BOOKMARK [1][-]{section.52.2}{August 06 and 09}{chapter.52}% 204
\BOOKMARK [2][-]{subsection.52.2.1}{Bombing of Hiroshima and Nagasaki}{section.52.2}% 205
\BOOKMARK [0][-]{chapter.53}{1947}{part.14}% 206
\BOOKMARK [1][-]{section.53.1}{August 14}{chapter.53}% 207
\BOOKMARK [2][-]{subsection.53.1.1}{Creation of Pakistan Movie/Documentary: Gandhi \(1982\)}{section.53.1}% 208
\BOOKMARK [1][-]{section.53.2}{August 15}{chapter.53}% 209
\BOOKMARK [2][-]{subsection.53.2.1}{Independence of India Movie/Documentary: Gandhi \(1982\)}{section.53.2}% 210
\BOOKMARK [1][-]{section.53.3}{September 28}{chapter.53}% 211
\BOOKMARK [2][-]{subsection.53.3.1}{Formation of the CIA}{section.53.3}% 212
\BOOKMARK [0][-]{chapter.54}{1948}{part.14}% 213
\BOOKMARK [1][-]{section.54.1}{January 30}{chapter.54}% 214
\BOOKMARK [2][-]{subsection.54.1.1}{Assassination of Mahatma GandhiMovie/Documentary: Gandhi \(1982\)}{section.54.1}% 215
\BOOKMARK [0][-]{chapter.55}{1949}{part.14}% 216
\BOOKMARK [1][-]{section.55.1}{}{chapter.55}% 217
\BOOKMARK [2][-]{subsection.55.1.1}{Formation of LEGO}{section.55.1}% 218
\BOOKMARK [0][-]{chapter.56}{1950}{part.14}% 219
\BOOKMARK [1][-]{section.56.1}{June 25}{chapter.56}% 220
\BOOKMARK [2][-]{subsection.56.1.1}{The Korean war}{section.56.1}% 221
\BOOKMARK [0][-]{chapter.57}{1952}{part.14}% 222
\BOOKMARK [1][-]{section.57.1}{November 04}{chapter.57}% 223
\BOOKMARK [2][-]{subsection.57.1.1}{Formation of the NSA}{section.57.1}% 224
\BOOKMARK [0][-]{chapter.58}{1954}{part.14}% 225
\BOOKMARK [1][-]{section.58.1}{July 29}{chapter.58}% 226
\BOOKMARK [2][-]{subsection.58.1.1}{"LOTR: The Fellowship of the Ring"The Lord of the Rings: The Fellowship of the Ring \(2001\) published}{section.58.1}% 227
